Arguments: 
  /usr/local/bin/node /usr/local/bin/yarn add prisma-schema

PATH: 
  /Library/Java/JavaVirtualMachines/jdk1.8.0_131.jdk/Contents/Home/bin:/Users/Me/Library/Android/sdk/platform-tools:/Users/Me/Library/Android/sdk/tools/bin:/Users/Me/Library/Android/sdk/tools:/usr/local/bin:/usr/bin:/bin:/usr/sbin:/sbin:/Library/Java/JavaVirtualMachines/jdk1.8.0_131.jdk/Contents/Home/bin:/Users/Me/Library/Android/sdk/platform-tools:/Users/Me/Library/Android/sdk/tools/bin:/Users/Me/Library/Android/sdk/tools:./node_modules/.bin:./node_modules/.bin

Yarn version: 
  1.12.1

Node version: 
  10.13.0

Platform: 
  darwin x64

Trace: 
  Error: https://registry.yarnpkg.com/prisma-schema: Not found
      at Request.params.callback [as _callback] (/usr/local/lib/node_modules/yarn/lib/cli.js:62126:18)
      at Request.self.callback (/usr/local/lib/node_modules/yarn/lib/cli.js:124482:22)
      at Request.emit (events.js:182:13)
      at Request.<anonymous> (/usr/local/lib/node_modules/yarn/lib/cli.js:125454:10)
      at Request.emit (events.js:182:13)
      at IncomingMessage.<anonymous> (/usr/local/lib/node_modules/yarn/lib/cli.js:125376:12)
      at Object.onceWrapper (events.js:273:13)
      at IncomingMessage.emit (events.js:187:15)
      at endReadableNT (_stream_readable.js:1094:12)
      at process._tickCallback (internal/process/next_tick.js:63:19)

npm manifest: 
  No manifest

yarn manifest: 
  No manifest

Lockfile: 
  # THIS IS AN AUTOGENERATED FILE. DO NOT EDIT THIS FILE DIRECTLY.
  # yarn lockfile v1
